<?xml version="1.0" encoding="UTF-8"?>
<testng-results ignored="0" total="1" passed="1" failed="0" skipped="0">
  <reporter-output>
  </reporter-output>
  <suite started-at="2024-11-10T15:52:50 IST" name="Default suite" finished-at="2024-11-10T15:52:54 IST" duration-ms="4058">
    <groups>
    </groups>
    <test started-at="2024-11-10T15:52:50 IST" name="Default test" finished-at="2024-11-10T15:52:54 IST" duration-ms="4058">
      <class name="SeriExam2_Data.CreateItemsTest">
        <test-method signature="createItemsTest()[pri:0, instance:SeriExam2_Data.CreateItemsTest@54e1c68b]" started-at="2024-11-10T15:52:50 IST" name="createItemsTest" finished-at="2024-11-10T15:52:54 IST" duration-ms="3995" status="PASS">
          <reporter-output>
          </reporter-output>
        </test-method> <!-- createItemsTest -->
      </class> <!-- SeriExam2_Data.CreateItemsTest -->
    </test> <!-- Default test -->
  </suite> <!-- Default suite -->
</testng-results>
